[debug] [2019-11-20T23:00:31.106Z] ----------------------------------------------------------------------
[debug] [2019-11-20T23:00:31.109Z] Command:       /usr/local/bin/firebase /home/lisabi/.cache/firebase/tools/lib/node_modules/firebase-tools/lib/bin/firebase serve --only functions
[debug] [2019-11-20T23:00:31.109Z] CLI Version:   7.8.0
[debug] [2019-11-20T23:00:31.109Z] Platform:      linux
[debug] [2019-11-20T23:00:31.109Z] Node Version:  v10.15.3
[debug] [2019-11-20T23:00:31.109Z] Time:          Thu Nov 21 2019 00:00:31 GMT+0100 (West Africa Standard Time)
[debug] [2019-11-20T23:00:31.109Z] ----------------------------------------------------------------------
[debug] [2019-11-20T23:00:31.109Z] 
[debug] [2019-11-20T23:00:31.117Z] > command requires scopes: ["email","openid","https://www.googleapis.com/auth/cloudplatformprojects.readonly","https://www.googleapis.com/auth/firebase","https://www.googleapis.com/auth/cloud-platform"]
[debug] [2019-11-20T23:00:31.118Z] > authorizing via signed-in user
[debug] [2019-11-20T23:00:31.118Z] [iam] checking project node-firebase-7d509 for permissions ["firebase.projects.get"]
[debug] [2019-11-20T23:00:31.121Z] >>> HTTP REQUEST POST https://cloudresourcemanager.googleapis.com/v1/projects/node-firebase-7d509:testIamPermissions  

[debug] [2019-11-20T23:00:32.601Z] <<< HTTP RESPONSE 200
[debug] [2019-11-20T23:00:32.603Z] >>> HTTP REQUEST GET https://firebase.googleapis.com/v1beta1/projects/node-firebase-7d509  
 
[debug] [2019-11-20T23:00:33.362Z] <<< HTTP RESPONSE 200
[warn] ⚠  Your requested "node" version "8" doesn't match your global version "10"
[info] ✔  functions: Emulator started at http://localhost:5000
[info] i  functions: Watching "/home/lisabi/Documents/Projects/firestore-api/functions" for Cloud Functions...
[debug] [2019-11-20T23:00:33.647Z] [worker-~diagnostic~-311dd0a8-e95c-4a28-a83d-20e592573af5]: Assigning socketPath: /tmp/firebase_emulator_invocation_311dd0a8-e95c-4a28-a83d-20e592573af5.sock
[debug] [2019-11-20T23:00:33.647Z] [worker-~diagnostic~-311dd0a8-e95c-4a28-a83d-20e592573af5]: BUSY
[debug] [2019-11-20T23:00:34.129Z] [runtime-status] Functions runtime initialized. {"cwd":"/home/lisabi/Documents/Projects/firestore-api/functions","node_version":"10.15.3"}
[debug] [2019-11-20T23:00:34.131Z] [runtime-status] Disabled runtime features: {"functions_config_helper":true,"network_filtering":true,"timeout":true,"memory_limiting":true,"admin_stubs":true,"pubsub_emulator":true} {}
[debug] [2019-11-20T23:00:34.133Z] [runtime-status] Resolved module firebase-admin {"declared":true,"installed":true,"version":"8.8.0","resolution":"/home/lisabi/Documents/Projects/firestore-api/functions/node_modules/firebase-admin/lib/index.js"}
[debug] [2019-11-20T23:00:34.135Z] [runtime-status] Resolved module firebase-functions {"declared":true,"installed":true,"version":"3.3.0","resolution":"/home/lisabi/Documents/Projects/firestore-api/functions/node_modules/firebase-functions/lib/index.js"}
[debug] [2019-11-20T23:00:34.135Z] [runtime-status] Resolved module firebase-functions {"declared":true,"installed":true,"version":"3.3.0","resolution":"/home/lisabi/Documents/Projects/firestore-api/functions/node_modules/firebase-functions/lib/index.js"}
[info] ✔  functions[App]: http function initialized (http://localhost:5000/node-firebase-7d509/us-central1/App).
[debug] [2019-11-20T23:00:34.354Z] [worker-~diagnostic~-311dd0a8-e95c-4a28-a83d-20e592573af5]: exited
[debug] [2019-11-20T23:00:34.354Z] [worker-~diagnostic~-311dd0a8-e95c-4a28-a83d-20e592573af5]: FINISHED
[debug] [2019-11-20T23:00:44.394Z] Accepted request POST /node-firebase-7d509/us-central1/App/api/create --> App
[debug] [2019-11-20T23:00:44.402Z] [worker-App-61ed9c41-6393-4443-bf0c-ee9f99a08df0]: Assigning socketPath: /tmp/firebase_emulator_invocation_61ed9c41-6393-4443-bf0c-ee9f99a08df0.sock
[debug] [2019-11-20T23:00:44.402Z] [worker-App-61ed9c41-6393-4443-bf0c-ee9f99a08df0]: BUSY
[debug] [2019-11-20T23:00:44.867Z] [runtime-status] Functions runtime initialized. {"cwd":"/home/lisabi/Documents/Projects/firestore-api/functions","node_version":"10.15.3"}
[debug] [2019-11-20T23:00:44.870Z] [runtime-status] Disabled runtime features: {"functions_config_helper":true,"network_filtering":true,"timeout":true,"memory_limiting":true,"admin_stubs":true,"pubsub_emulator":true} {}
[debug] [2019-11-20T23:00:44.873Z] [runtime-status] Resolved module firebase-admin {"declared":true,"installed":true,"version":"8.8.0","resolution":"/home/lisabi/Documents/Projects/firestore-api/functions/node_modules/firebase-admin/lib/index.js"}
[debug] [2019-11-20T23:00:44.875Z] [runtime-status] Resolved module firebase-functions {"declared":true,"installed":true,"version":"3.3.0","resolution":"/home/lisabi/Documents/Projects/firestore-api/functions/node_modules/firebase-functions/lib/index.js"}
[debug] [2019-11-20T23:00:44.877Z] [runtime-status] Resolved module firebase-functions {"declared":true,"installed":true,"version":"3.3.0","resolution":"/home/lisabi/Documents/Projects/firestore-api/functions/node_modules/firebase-functions/lib/index.js"}
[debug] [2019-11-20T23:00:45.099Z] [runtime-status] Trigger "App" has been found, beginning invocation! {}
[info] i  functions: Beginning execution of "App"
[debug] [2019-11-20T23:00:45.100Z] [runtime-status]  {"httpsTrigger":{},"name":"App","entryPoint":"App"}
[debug] [2019-11-20T23:00:45.100Z] [runtime-status] Running App in mode HTTPS {}
[debug] [2019-11-20T23:00:45.112Z] [functions] Runtime ready! Sending request!
[debug] [2019-11-20T23:00:45.142Z] [runtime-status] Ephemeral server used! {}
[debug] [2019-11-20T23:00:45.152Z] [runtime-status] Ephemeral server survived. {}
[info] i  functions: Finished "App" in ~3s
[debug] [2019-11-20T23:00:48.651Z] [worker-App-61ed9c41-6393-4443-bf0c-ee9f99a08df0]: IDLE
[debug] [2019-11-20T23:08:48.058Z] File /home/lisabi/Documents/Projects/firestore-api/functions/controllers/firestoreContollers.js changed, reloading triggers
[debug] [2019-11-20T23:08:49.060Z] [worker-pool]: Shutting down IDLE worker (App)
[debug] [2019-11-20T23:08:49.066Z] [worker-~diagnostic~-eb28a567-dcf9-4ea7-8421-e0fe1d5d7917]: Assigning socketPath: /tmp/firebase_emulator_invocation_eb28a567-dcf9-4ea7-8421-e0fe1d5d7917.sock
[debug] [2019-11-20T23:08:49.066Z] [worker-~diagnostic~-eb28a567-dcf9-4ea7-8421-e0fe1d5d7917]: BUSY
[debug] [2019-11-20T23:08:49.067Z] [worker-App-61ed9c41-6393-4443-bf0c-ee9f99a08df0]: exited
[debug] [2019-11-20T23:08:49.067Z] [worker-App-61ed9c41-6393-4443-bf0c-ee9f99a08df0]: FINISHED
[debug] [2019-11-20T23:08:49.485Z] [runtime-status] Functions runtime initialized. {"cwd":"/home/lisabi/Documents/Projects/firestore-api/functions","node_version":"10.15.3"}
[debug] [2019-11-20T23:08:49.488Z] [runtime-status] Disabled runtime features: {"functions_config_helper":true,"network_filtering":true,"timeout":true,"memory_limiting":true,"admin_stubs":true,"pubsub_emulator":true} {}
[debug] [2019-11-20T23:08:49.490Z] [runtime-status] Resolved module firebase-admin {"declared":true,"installed":true,"version":"8.8.0","resolution":"/home/lisabi/Documents/Projects/firestore-api/functions/node_modules/firebase-admin/lib/index.js"}
[debug] [2019-11-20T23:08:49.493Z] [runtime-status] Resolved module firebase-functions {"declared":true,"installed":true,"version":"3.3.0","resolution":"/home/lisabi/Documents/Projects/firestore-api/functions/node_modules/firebase-functions/lib/index.js"}
[debug] [2019-11-20T23:08:49.495Z] [runtime-status] Resolved module firebase-functions {"declared":true,"installed":true,"version":"3.3.0","resolution":"/home/lisabi/Documents/Projects/firestore-api/functions/node_modules/firebase-functions/lib/index.js"}
[debug] [2019-11-20T23:08:49.721Z] [worker-~diagnostic~-eb28a567-dcf9-4ea7-8421-e0fe1d5d7917]: exited
[debug] [2019-11-20T23:08:49.721Z] [worker-~diagnostic~-eb28a567-dcf9-4ea7-8421-e0fe1d5d7917]: FINISHED
[debug] [2019-11-20T23:08:51.871Z] File /home/lisabi/Documents/Projects/firestore-api/functions/routes/api.js changed, reloading triggers
[debug] [2019-11-20T23:08:52.876Z] [worker-~diagnostic~-3d9b5a05-4af5-4bd4-8db9-bb87bebb707a]: Assigning socketPath: /tmp/firebase_emulator_invocation_3d9b5a05-4af5-4bd4-8db9-bb87bebb707a.sock
[debug] [2019-11-20T23:08:52.876Z] [worker-~diagnostic~-3d9b5a05-4af5-4bd4-8db9-bb87bebb707a]: BUSY
[debug] [2019-11-20T23:08:53.309Z] [runtime-status] Functions runtime initialized. {"cwd":"/home/lisabi/Documents/Projects/firestore-api/functions","node_version":"10.15.3"}
[debug] [2019-11-20T23:08:53.311Z] [runtime-status] Disabled runtime features: {"functions_config_helper":true,"network_filtering":true,"timeout":true,"memory_limiting":true,"admin_stubs":true,"pubsub_emulator":true} {}
[debug] [2019-11-20T23:08:53.314Z] [runtime-status] Resolved module firebase-admin {"declared":true,"installed":true,"version":"8.8.0","resolution":"/home/lisabi/Documents/Projects/firestore-api/functions/node_modules/firebase-admin/lib/index.js"}
[debug] [2019-11-20T23:08:53.315Z] [runtime-status] Resolved module firebase-functions {"declared":true,"installed":true,"version":"3.3.0","resolution":"/home/lisabi/Documents/Projects/firestore-api/functions/node_modules/firebase-functions/lib/index.js"}
[debug] [2019-11-20T23:08:53.316Z] [runtime-status] Resolved module firebase-functions {"declared":true,"installed":true,"version":"3.3.0","resolution":"/home/lisabi/Documents/Projects/firestore-api/functions/node_modules/firebase-functions/lib/index.js"}
[debug] [2019-11-20T23:08:53.535Z] [worker-~diagnostic~-3d9b5a05-4af5-4bd4-8db9-bb87bebb707a]: exited
[debug] [2019-11-20T23:08:53.535Z] [worker-~diagnostic~-3d9b5a05-4af5-4bd4-8db9-bb87bebb707a]: FINISHED
[debug] [2019-11-20T23:11:27.114Z] Accepted request POST /node-firebase-7d509/us-central1/App/api/user/90 --> App
[debug] [2019-11-20T23:11:27.118Z] [worker-App-1eddb5f4-fd14-42e6-bde0-71a38ebb6399]: Assigning socketPath: /tmp/firebase_emulator_invocation_1eddb5f4-fd14-42e6-bde0-71a38ebb6399.sock
[debug] [2019-11-20T23:11:27.118Z] [worker-App-1eddb5f4-fd14-42e6-bde0-71a38ebb6399]: BUSY
[debug] [2019-11-20T23:11:27.703Z] [runtime-status] Functions runtime initialized. {"cwd":"/home/lisabi/Documents/Projects/firestore-api/functions","node_version":"10.15.3"}
[debug] [2019-11-20T23:11:27.706Z] [runtime-status] Disabled runtime features: {"functions_config_helper":true,"network_filtering":true,"timeout":true,"memory_limiting":true,"admin_stubs":true,"pubsub_emulator":true} {}
[debug] [2019-11-20T23:11:27.709Z] [runtime-status] Resolved module firebase-admin {"declared":true,"installed":true,"version":"8.8.0","resolution":"/home/lisabi/Documents/Projects/firestore-api/functions/node_modules/firebase-admin/lib/index.js"}
[debug] [2019-11-20T23:11:27.711Z] [runtime-status] Resolved module firebase-functions {"declared":true,"installed":true,"version":"3.3.0","resolution":"/home/lisabi/Documents/Projects/firestore-api/functions/node_modules/firebase-functions/lib/index.js"}
[debug] [2019-11-20T23:11:27.713Z] [runtime-status] Resolved module firebase-functions {"declared":true,"installed":true,"version":"3.3.0","resolution":"/home/lisabi/Documents/Projects/firestore-api/functions/node_modules/firebase-functions/lib/index.js"}
[debug] [2019-11-20T23:11:27.935Z] [runtime-status] Trigger "App" has been found, beginning invocation! {}
[info] i  functions: Beginning execution of "App"
[debug] [2019-11-20T23:11:27.936Z] [runtime-status]  {"httpsTrigger":{},"name":"App","entryPoint":"App"}
[debug] [2019-11-20T23:11:27.936Z] [runtime-status] Running App in mode HTTPS {}
[debug] [2019-11-20T23:11:27.946Z] [functions] Runtime ready! Sending request!
[debug] [2019-11-20T23:11:27.967Z] [runtime-status] Ephemeral server used! {}
[debug] [2019-11-20T23:11:27.976Z] [runtime-status] Ephemeral server survived. {}
[info] i  functions: Finished "App" in ~1s
[debug] [2019-11-20T23:11:27.981Z] [worker-App-1eddb5f4-fd14-42e6-bde0-71a38ebb6399]: IDLE
[debug] [2019-11-20T23:12:28.094Z] Accepted request GET /node-firebase-7d509/us-central1/App/api/user/90 --> App
[debug] [2019-11-20T23:12:28.094Z] [worker-App-1eddb5f4-fd14-42e6-bde0-71a38ebb6399]: Assigning socketPath: /tmp/firebase_emulator_invocation_1eddb5f4-fd14-42e6-bde0-71a38ebb6399.sock
[debug] [2019-11-20T23:12:28.094Z] [worker-App-1eddb5f4-fd14-42e6-bde0-71a38ebb6399]: BUSY
[debug] [2019-11-20T23:12:28.095Z] [runtime-status] Trigger "App" has been found, beginning invocation! {}
[info] i  functions: Beginning execution of "App"
[debug] [2019-11-20T23:12:28.096Z] [runtime-status]  {"httpsTrigger":{},"name":"App","entryPoint":"App"}
[debug] [2019-11-20T23:12:28.096Z] [runtime-status] Running App in mode HTTPS {}
[debug] [2019-11-20T23:12:28.099Z] [functions] Runtime ready! Sending request!
[debug] [2019-11-20T23:12:28.105Z] [runtime-status] Ephemeral server used! {}
[debug] [2019-11-20T23:12:28.469Z] [runtime-status] Ephemeral server survived. {}
[info] i  functions: Finished "App" in ~13s
[debug] [2019-11-20T23:12:41.232Z] [worker-App-1eddb5f4-fd14-42e6-bde0-71a38ebb6399]: IDLE
[debug] [2019-11-20T23:16:47.910Z] File /home/lisabi/Documents/Projects/firestore-api/functions/controllers/firestoreContollers.js changed, reloading triggers
[debug] [2019-11-20T23:16:48.910Z] [worker-pool]: Shutting down IDLE worker (App)
[debug] [2019-11-20T23:16:48.916Z] [worker-~diagnostic~-e8fbb988-c24c-4bfc-9098-593fea4ba0e0]: Assigning socketPath: /tmp/firebase_emulator_invocation_e8fbb988-c24c-4bfc-9098-593fea4ba0e0.sock
[debug] [2019-11-20T23:16:48.916Z] [worker-~diagnostic~-e8fbb988-c24c-4bfc-9098-593fea4ba0e0]: BUSY
[debug] [2019-11-20T23:16:48.917Z] [worker-App-1eddb5f4-fd14-42e6-bde0-71a38ebb6399]: exited
[debug] [2019-11-20T23:16:48.917Z] [worker-App-1eddb5f4-fd14-42e6-bde0-71a38ebb6399]: FINISHED
[debug] [2019-11-20T23:16:49.418Z] [runtime-status] Functions runtime initialized. {"cwd":"/home/lisabi/Documents/Projects/firestore-api/functions","node_version":"10.15.3"}
[debug] [2019-11-20T23:16:49.420Z] [runtime-status] Disabled runtime features: {"functions_config_helper":true,"network_filtering":true,"timeout":true,"memory_limiting":true,"admin_stubs":true,"pubsub_emulator":true} {}
[debug] [2019-11-20T23:16:49.422Z] [runtime-status] Resolved module firebase-admin {"declared":true,"installed":true,"version":"8.8.0","resolution":"/home/lisabi/Documents/Projects/firestore-api/functions/node_modules/firebase-admin/lib/index.js"}
[debug] [2019-11-20T23:16:49.424Z] [runtime-status] Resolved module firebase-functions {"declared":true,"installed":true,"version":"3.3.0","resolution":"/home/lisabi/Documents/Projects/firestore-api/functions/node_modules/firebase-functions/lib/index.js"}
[debug] [2019-11-20T23:16:49.425Z] [runtime-status] Resolved module firebase-functions {"declared":true,"installed":true,"version":"3.3.0","resolution":"/home/lisabi/Documents/Projects/firestore-api/functions/node_modules/firebase-functions/lib/index.js"}
[debug] [2019-11-20T23:16:49.659Z] [worker-~diagnostic~-e8fbb988-c24c-4bfc-9098-593fea4ba0e0]: exited
[debug] [2019-11-20T23:16:49.659Z] [worker-~diagnostic~-e8fbb988-c24c-4bfc-9098-593fea4ba0e0]: FINISHED
[debug] [2019-11-20T23:17:32.686Z] File /home/lisabi/Documents/Projects/firestore-api/functions/controllers/firestoreContollers.js changed, reloading triggers
[debug] [2019-11-20T23:17:33.690Z] [worker-~diagnostic~-d5043dcd-cef7-48b6-8d19-0d90ec7d3d80]: Assigning socketPath: /tmp/firebase_emulator_invocation_d5043dcd-cef7-48b6-8d19-0d90ec7d3d80.sock
[debug] [2019-11-20T23:17:33.690Z] [worker-~diagnostic~-d5043dcd-cef7-48b6-8d19-0d90ec7d3d80]: BUSY
[debug] [2019-11-20T23:17:34.137Z] [runtime-status] Functions runtime initialized. {"cwd":"/home/lisabi/Documents/Projects/firestore-api/functions","node_version":"10.15.3"}
[debug] [2019-11-20T23:17:34.140Z] [runtime-status] Disabled runtime features: {"functions_config_helper":true,"network_filtering":true,"timeout":true,"memory_limiting":true,"admin_stubs":true,"pubsub_emulator":true} {}
[debug] [2019-11-20T23:17:34.143Z] [runtime-status] Resolved module firebase-admin {"declared":true,"installed":true,"version":"8.8.0","resolution":"/home/lisabi/Documents/Projects/firestore-api/functions/node_modules/firebase-admin/lib/index.js"}
[debug] [2019-11-20T23:17:34.144Z] [runtime-status] Resolved module firebase-functions {"declared":true,"installed":true,"version":"3.3.0","resolution":"/home/lisabi/Documents/Projects/firestore-api/functions/node_modules/firebase-functions/lib/index.js"}
[debug] [2019-11-20T23:17:34.145Z] [runtime-status] Resolved module firebase-functions {"declared":true,"installed":true,"version":"3.3.0","resolution":"/home/lisabi/Documents/Projects/firestore-api/functions/node_modules/firebase-functions/lib/index.js"}
[debug] [2019-11-20T23:17:34.367Z] [worker-~diagnostic~-d5043dcd-cef7-48b6-8d19-0d90ec7d3d80]: exited
[debug] [2019-11-20T23:17:34.367Z] [worker-~diagnostic~-d5043dcd-cef7-48b6-8d19-0d90ec7d3d80]: FINISHED
[debug] [2019-11-20T23:17:38.692Z] File /home/lisabi/Documents/Projects/firestore-api/functions/routes/api.js changed, reloading triggers
[debug] [2019-11-20T23:17:39.697Z] [worker-~diagnostic~-fc8c0ad8-fb0b-4a9a-a79b-925a63d5d036]: Assigning socketPath: /tmp/firebase_emulator_invocation_fc8c0ad8-fb0b-4a9a-a79b-925a63d5d036.sock
[debug] [2019-11-20T23:17:39.697Z] [worker-~diagnostic~-fc8c0ad8-fb0b-4a9a-a79b-925a63d5d036]: BUSY
[debug] [2019-11-20T23:17:40.160Z] [runtime-status] Functions runtime initialized. {"cwd":"/home/lisabi/Documents/Projects/firestore-api/functions","node_version":"10.15.3"}
[debug] [2019-11-20T23:17:40.164Z] [runtime-status] Disabled runtime features: {"functions_config_helper":true,"network_filtering":true,"timeout":true,"memory_limiting":true,"admin_stubs":true,"pubsub_emulator":true} {}
[debug] [2019-11-20T23:17:40.166Z] [runtime-status] Resolved module firebase-admin {"declared":true,"installed":true,"version":"8.8.0","resolution":"/home/lisabi/Documents/Projects/firestore-api/functions/node_modules/firebase-admin/lib/index.js"}
[debug] [2019-11-20T23:17:40.168Z] [runtime-status] Resolved module firebase-functions {"declared":true,"installed":true,"version":"3.3.0","resolution":"/home/lisabi/Documents/Projects/firestore-api/functions/node_modules/firebase-functions/lib/index.js"}
[debug] [2019-11-20T23:17:40.170Z] [runtime-status] Resolved module firebase-functions {"declared":true,"installed":true,"version":"3.3.0","resolution":"/home/lisabi/Documents/Projects/firestore-api/functions/node_modules/firebase-functions/lib/index.js"}
[debug] [2019-11-20T23:17:40.398Z] [worker-~diagnostic~-fc8c0ad8-fb0b-4a9a-a79b-925a63d5d036]: exited
[debug] [2019-11-20T23:17:40.399Z] [worker-~diagnostic~-fc8c0ad8-fb0b-4a9a-a79b-925a63d5d036]: FINISHED
[debug] [2019-11-20T23:17:48.586Z] Accepted request DELETE /node-firebase-7d509/us-central1/App/api/user/90 --> App
[debug] [2019-11-20T23:17:48.591Z] [worker-App-a92de715-ee40-478d-95bc-5301c267caae]: Assigning socketPath: /tmp/firebase_emulator_invocation_a92de715-ee40-478d-95bc-5301c267caae.sock
[debug] [2019-11-20T23:17:48.592Z] [worker-App-a92de715-ee40-478d-95bc-5301c267caae]: BUSY
[debug] [2019-11-20T23:17:49.064Z] [runtime-status] Functions runtime initialized. {"cwd":"/home/lisabi/Documents/Projects/firestore-api/functions","node_version":"10.15.3"}
[debug] [2019-11-20T23:17:49.067Z] [runtime-status] Disabled runtime features: {"functions_config_helper":true,"network_filtering":true,"timeout":true,"memory_limiting":true,"admin_stubs":true,"pubsub_emulator":true} {}
[debug] [2019-11-20T23:17:49.070Z] [runtime-status] Resolved module firebase-admin {"declared":true,"installed":true,"version":"8.8.0","resolution":"/home/lisabi/Documents/Projects/firestore-api/functions/node_modules/firebase-admin/lib/index.js"}
[debug] [2019-11-20T23:17:49.072Z] [runtime-status] Resolved module firebase-functions {"declared":true,"installed":true,"version":"3.3.0","resolution":"/home/lisabi/Documents/Projects/firestore-api/functions/node_modules/firebase-functions/lib/index.js"}
[debug] [2019-11-20T23:17:49.072Z] [runtime-status] Resolved module firebase-functions {"declared":true,"installed":true,"version":"3.3.0","resolution":"/home/lisabi/Documents/Projects/firestore-api/functions/node_modules/firebase-functions/lib/index.js"}
[debug] [2019-11-20T23:17:49.289Z] [runtime-status] Trigger "App" has been found, beginning invocation! {}
[info] i  functions: Beginning execution of "App"
[debug] [2019-11-20T23:17:49.289Z] [runtime-status]  {"httpsTrigger":{},"name":"App","entryPoint":"App"}
[debug] [2019-11-20T23:17:49.289Z] [runtime-status] Running App in mode HTTPS {}
[debug] [2019-11-20T23:17:49.298Z] [functions] Runtime ready! Sending request!
[debug] [2019-11-20T23:17:49.315Z] [runtime-status] Ephemeral server used! {}
[debug] [2019-11-20T23:17:49.324Z] [runtime-status] Ephemeral server survived. {}
[info] i  functions: Finished "App" in ~1s
[debug] [2019-11-20T23:17:49.326Z] [worker-App-a92de715-ee40-478d-95bc-5301c267caae]: IDLE
[debug] [2019-11-20T23:18:29.272Z] File /home/lisabi/Documents/Projects/firestore-api/functions/routes/api.js changed, reloading triggers
[debug] [2019-11-20T23:18:30.273Z] [worker-pool]: Shutting down IDLE worker (App)
[debug] [2019-11-20T23:18:30.278Z] [worker-~diagnostic~-ecac6740-816c-4fc8-8c63-417f97a168c4]: Assigning socketPath: /tmp/firebase_emulator_invocation_ecac6740-816c-4fc8-8c63-417f97a168c4.sock
[debug] [2019-11-20T23:18:30.278Z] [worker-~diagnostic~-ecac6740-816c-4fc8-8c63-417f97a168c4]: BUSY
[debug] [2019-11-20T23:18:30.280Z] [worker-App-a92de715-ee40-478d-95bc-5301c267caae]: exited
[debug] [2019-11-20T23:18:30.280Z] [worker-App-a92de715-ee40-478d-95bc-5301c267caae]: FINISHED
[debug] [2019-11-20T23:18:30.777Z] [runtime-status] Functions runtime initialized. {"cwd":"/home/lisabi/Documents/Projects/firestore-api/functions","node_version":"10.15.3"}
[debug] [2019-11-20T23:18:30.780Z] [runtime-status] Disabled runtime features: {"functions_config_helper":true,"network_filtering":true,"timeout":true,"memory_limiting":true,"admin_stubs":true,"pubsub_emulator":true} {}
[debug] [2019-11-20T23:18:30.783Z] [runtime-status] Resolved module firebase-admin {"declared":true,"installed":true,"version":"8.8.0","resolution":"/home/lisabi/Documents/Projects/firestore-api/functions/node_modules/firebase-admin/lib/index.js"}
[debug] [2019-11-20T23:18:30.786Z] [runtime-status] Resolved module firebase-functions {"declared":true,"installed":true,"version":"3.3.0","resolution":"/home/lisabi/Documents/Projects/firestore-api/functions/node_modules/firebase-functions/lib/index.js"}
[debug] [2019-11-20T23:18:30.786Z] [runtime-status] Resolved module firebase-functions {"declared":true,"installed":true,"version":"3.3.0","resolution":"/home/lisabi/Documents/Projects/firestore-api/functions/node_modules/firebase-functions/lib/index.js"}
[debug] [2019-11-20T23:18:31.052Z] [worker-~diagnostic~-ecac6740-816c-4fc8-8c63-417f97a168c4]: exited
[debug] [2019-11-20T23:18:31.052Z] [worker-~diagnostic~-ecac6740-816c-4fc8-8c63-417f97a168c4]: FINISHED
[debug] [2019-11-20T23:18:35.096Z] Accepted request DELETE /node-firebase-7d509/us-central1/App/api/user/90 --> App
[debug] [2019-11-20T23:18:35.101Z] [worker-App-7c7a4521-036c-47f3-8cb8-985d3b60a3ce]: Assigning socketPath: /tmp/firebase_emulator_invocation_7c7a4521-036c-47f3-8cb8-985d3b60a3ce.sock
[debug] [2019-11-20T23:18:35.102Z] [worker-App-7c7a4521-036c-47f3-8cb8-985d3b60a3ce]: BUSY
[debug] [2019-11-20T23:18:35.574Z] [runtime-status] Functions runtime initialized. {"cwd":"/home/lisabi/Documents/Projects/firestore-api/functions","node_version":"10.15.3"}
[debug] [2019-11-20T23:18:35.576Z] [runtime-status] Disabled runtime features: {"functions_config_helper":true,"network_filtering":true,"timeout":true,"memory_limiting":true,"admin_stubs":true,"pubsub_emulator":true} {}
[debug] [2019-11-20T23:18:35.579Z] [runtime-status] Resolved module firebase-admin {"declared":true,"installed":true,"version":"8.8.0","resolution":"/home/lisabi/Documents/Projects/firestore-api/functions/node_modules/firebase-admin/lib/index.js"}
[debug] [2019-11-20T23:18:35.580Z] [runtime-status] Resolved module firebase-functions {"declared":true,"installed":true,"version":"3.3.0","resolution":"/home/lisabi/Documents/Projects/firestore-api/functions/node_modules/firebase-functions/lib/index.js"}
[debug] [2019-11-20T23:18:35.581Z] [runtime-status] Resolved module firebase-functions {"declared":true,"installed":true,"version":"3.3.0","resolution":"/home/lisabi/Documents/Projects/firestore-api/functions/node_modules/firebase-functions/lib/index.js"}
[debug] [2019-11-20T23:18:35.796Z] [runtime-status] Trigger "App" has been found, beginning invocation! {}
[info] i  functions: Beginning execution of "App"
[debug] [2019-11-20T23:18:35.797Z] [runtime-status]  {"httpsTrigger":{},"name":"App","entryPoint":"App"}
[debug] [2019-11-20T23:18:35.797Z] [runtime-status] Running App in mode HTTPS {}
[debug] [2019-11-20T23:18:35.806Z] [functions] Runtime ready! Sending request!
[debug] [2019-11-20T23:18:35.824Z] [runtime-status] Ephemeral server used! {}
[debug] [2019-11-20T23:18:35.832Z] [runtime-status] Ephemeral server survived. {}
[info] i  functions: Finished "App" in ~1s
[debug] [2019-11-20T23:18:35.835Z] [worker-App-7c7a4521-036c-47f3-8cb8-985d3b60a3ce]: IDLE
[debug] [2019-11-20T23:18:50.312Z] Accepted request DELETE /node-firebase-7d509/us-central1/App/api/delete/90 --> App
[debug] [2019-11-20T23:18:50.312Z] [worker-App-7c7a4521-036c-47f3-8cb8-985d3b60a3ce]: Assigning socketPath: /tmp/firebase_emulator_invocation_7c7a4521-036c-47f3-8cb8-985d3b60a3ce.sock
[debug] [2019-11-20T23:18:50.312Z] [worker-App-7c7a4521-036c-47f3-8cb8-985d3b60a3ce]: BUSY
[debug] [2019-11-20T23:18:50.314Z] [runtime-status] Trigger "App" has been found, beginning invocation! {}
[info] i  functions: Beginning execution of "App"
[debug] [2019-11-20T23:18:50.314Z] [runtime-status]  {"httpsTrigger":{},"name":"App","entryPoint":"App"}
[debug] [2019-11-20T23:18:50.314Z] [runtime-status] Running App in mode HTTPS {}
[debug] [2019-11-20T23:18:50.321Z] [functions] Runtime ready! Sending request!
[debug] [2019-11-20T23:18:50.329Z] [runtime-status] Ephemeral server used! {}
[debug] [2019-11-20T23:18:50.331Z] [runtime-status] Ephemeral server survived. {}
[info] i  functions: Finished "App" in ~2s
[debug] [2019-11-20T23:18:52.773Z] [worker-App-7c7a4521-036c-47f3-8cb8-985d3b60a3ce]: IDLE
[debug] [2019-11-20T23:19:19.959Z] File /home/lisabi/Documents/Projects/firestore-api/functions/controllers/firestoreContollers.js changed, reloading triggers
[debug] [2019-11-20T23:19:20.960Z] [worker-pool]: Shutting down IDLE worker (App)
[debug] [2019-11-20T23:19:20.966Z] [worker-~diagnostic~-b1be2eeb-a604-4061-a544-de8ddda62ff1]: Assigning socketPath: /tmp/firebase_emulator_invocation_b1be2eeb-a604-4061-a544-de8ddda62ff1.sock
[debug] [2019-11-20T23:19:20.966Z] [worker-~diagnostic~-b1be2eeb-a604-4061-a544-de8ddda62ff1]: BUSY
[debug] [2019-11-20T23:19:20.967Z] [worker-App-7c7a4521-036c-47f3-8cb8-985d3b60a3ce]: exited
[debug] [2019-11-20T23:19:20.967Z] [worker-App-7c7a4521-036c-47f3-8cb8-985d3b60a3ce]: FINISHED
[debug] [2019-11-20T23:19:21.478Z] [runtime-status] Functions runtime initialized. {"cwd":"/home/lisabi/Documents/Projects/firestore-api/functions","node_version":"10.15.3"}
[debug] [2019-11-20T23:19:21.481Z] [runtime-status] Disabled runtime features: {"functions_config_helper":true,"network_filtering":true,"timeout":true,"memory_limiting":true,"admin_stubs":true,"pubsub_emulator":true} {}
[debug] [2019-11-20T23:19:21.484Z] [runtime-status] Resolved module firebase-admin {"declared":true,"installed":true,"version":"8.8.0","resolution":"/home/lisabi/Documents/Projects/firestore-api/functions/node_modules/firebase-admin/lib/index.js"}
[debug] [2019-11-20T23:19:21.486Z] [runtime-status] Resolved module firebase-functions {"declared":true,"installed":true,"version":"3.3.0","resolution":"/home/lisabi/Documents/Projects/firestore-api/functions/node_modules/firebase-functions/lib/index.js"}
[debug] [2019-11-20T23:19:21.486Z] [runtime-status] Resolved module firebase-functions {"declared":true,"installed":true,"version":"3.3.0","resolution":"/home/lisabi/Documents/Projects/firestore-api/functions/node_modules/firebase-functions/lib/index.js"}
[debug] [2019-11-20T23:19:21.734Z] [worker-~diagnostic~-b1be2eeb-a604-4061-a544-de8ddda62ff1]: exited
[debug] [2019-11-20T23:19:21.734Z] [worker-~diagnostic~-b1be2eeb-a604-4061-a544-de8ddda62ff1]: FINISHED
[debug] [2019-11-20T23:25:43.761Z] File /home/lisabi/Documents/Projects/firestore-api/functions/controllers/firestoreContollers.js changed, reloading triggers
[debug] [2019-11-20T23:25:44.766Z] [worker-~diagnostic~-88ecb0c1-0baa-43fa-8419-12f1839aa6ba]: Assigning socketPath: /tmp/firebase_emulator_invocation_88ecb0c1-0baa-43fa-8419-12f1839aa6ba.sock
[debug] [2019-11-20T23:25:44.766Z] [worker-~diagnostic~-88ecb0c1-0baa-43fa-8419-12f1839aa6ba]: BUSY
[debug] [2019-11-20T23:25:45.305Z] [runtime-status] Functions runtime initialized. {"cwd":"/home/lisabi/Documents/Projects/firestore-api/functions","node_version":"10.15.3"}
[debug] [2019-11-20T23:25:45.308Z] [runtime-status] Disabled runtime features: {"functions_config_helper":true,"network_filtering":true,"timeout":true,"memory_limiting":true,"admin_stubs":true,"pubsub_emulator":true} {}
[debug] [2019-11-20T23:25:45.310Z] [runtime-status] Resolved module firebase-admin {"declared":true,"installed":true,"version":"8.8.0","resolution":"/home/lisabi/Documents/Projects/firestore-api/functions/node_modules/firebase-admin/lib/index.js"}
[debug] [2019-11-20T23:25:45.312Z] [runtime-status] Resolved module firebase-functions {"declared":true,"installed":true,"version":"3.3.0","resolution":"/home/lisabi/Documents/Projects/firestore-api/functions/node_modules/firebase-functions/lib/index.js"}
[debug] [2019-11-20T23:25:45.315Z] [runtime-status] Resolved module firebase-functions {"declared":true,"installed":true,"version":"3.3.0","resolution":"/home/lisabi/Documents/Projects/firestore-api/functions/node_modules/firebase-functions/lib/index.js"}
[debug] [2019-11-20T23:25:45.537Z] [worker-~diagnostic~-88ecb0c1-0baa-43fa-8419-12f1839aa6ba]: exited
[debug] [2019-11-20T23:25:45.537Z] [worker-~diagnostic~-88ecb0c1-0baa-43fa-8419-12f1839aa6ba]: FINISHED
[debug] [2019-11-20T23:26:29.679Z] File /home/lisabi/Documents/Projects/firestore-api/functions/routes/api.js changed, reloading triggers
[debug] [2019-11-20T23:26:30.684Z] [worker-~diagnostic~-8f121233-0c39-4ebe-98c2-bc6ec79cc39e]: Assigning socketPath: /tmp/firebase_emulator_invocation_8f121233-0c39-4ebe-98c2-bc6ec79cc39e.sock
[debug] [2019-11-20T23:26:30.684Z] [worker-~diagnostic~-8f121233-0c39-4ebe-98c2-bc6ec79cc39e]: BUSY
[debug] [2019-11-20T23:26:31.152Z] [runtime-status] Functions runtime initialized. {"cwd":"/home/lisabi/Documents/Projects/firestore-api/functions","node_version":"10.15.3"}
[debug] [2019-11-20T23:26:31.155Z] [runtime-status] Disabled runtime features: {"functions_config_helper":true,"network_filtering":true,"timeout":true,"memory_limiting":true,"admin_stubs":true,"pubsub_emulator":true} {}
[debug] [2019-11-20T23:26:31.157Z] [runtime-status] Resolved module firebase-admin {"declared":true,"installed":true,"version":"8.8.0","resolution":"/home/lisabi/Documents/Projects/firestore-api/functions/node_modules/firebase-admin/lib/index.js"}
[debug] [2019-11-20T23:26:31.158Z] [runtime-status] Resolved module firebase-functions {"declared":true,"installed":true,"version":"3.3.0","resolution":"/home/lisabi/Documents/Projects/firestore-api/functions/node_modules/firebase-functions/lib/index.js"}
[debug] [2019-11-20T23:26:31.160Z] [runtime-status] Resolved module firebase-functions {"declared":true,"installed":true,"version":"3.3.0","resolution":"/home/lisabi/Documents/Projects/firestore-api/functions/node_modules/firebase-functions/lib/index.js"}
[debug] [2019-11-20T23:26:31.396Z] [worker-~diagnostic~-8f121233-0c39-4ebe-98c2-bc6ec79cc39e]: exited
[debug] [2019-11-20T23:26:31.397Z] [worker-~diagnostic~-8f121233-0c39-4ebe-98c2-bc6ec79cc39e]: FINISHED
[debug] [2019-11-20T23:29:43.770Z] Accepted request PUT /node-firebase-7d509/us-central1/App/api/user/update/80 --> App
[debug] [2019-11-20T23:29:43.775Z] [worker-App-60c02803-38ae-405d-8273-4be48ab6e84c]: Assigning socketPath: /tmp/firebase_emulator_invocation_60c02803-38ae-405d-8273-4be48ab6e84c.sock
[debug] [2019-11-20T23:29:43.775Z] [worker-App-60c02803-38ae-405d-8273-4be48ab6e84c]: BUSY
[debug] [2019-11-20T23:29:44.307Z] [runtime-status] Functions runtime initialized. {"cwd":"/home/lisabi/Documents/Projects/firestore-api/functions","node_version":"10.15.3"}
[debug] [2019-11-20T23:29:44.310Z] [runtime-status] Disabled runtime features: {"functions_config_helper":true,"network_filtering":true,"timeout":true,"memory_limiting":true,"admin_stubs":true,"pubsub_emulator":true} {}
[debug] [2019-11-20T23:29:44.312Z] [runtime-status] Resolved module firebase-admin {"declared":true,"installed":true,"version":"8.8.0","resolution":"/home/lisabi/Documents/Projects/firestore-api/functions/node_modules/firebase-admin/lib/index.js"}
[debug] [2019-11-20T23:29:44.314Z] [runtime-status] Resolved module firebase-functions {"declared":true,"installed":true,"version":"3.3.0","resolution":"/home/lisabi/Documents/Projects/firestore-api/functions/node_modules/firebase-functions/lib/index.js"}
[debug] [2019-11-20T23:29:44.315Z] [runtime-status] Resolved module firebase-functions {"declared":true,"installed":true,"version":"3.3.0","resolution":"/home/lisabi/Documents/Projects/firestore-api/functions/node_modules/firebase-functions/lib/index.js"}
[debug] [2019-11-20T23:29:44.548Z] [runtime-status] Trigger "App" has been found, beginning invocation! {}
[info] i  functions: Beginning execution of "App"
[debug] [2019-11-20T23:29:44.549Z] [runtime-status]  {"httpsTrigger":{},"name":"App","entryPoint":"App"}
[debug] [2019-11-20T23:29:44.549Z] [runtime-status] Running App in mode HTTPS {}
[debug] [2019-11-20T23:29:44.558Z] [functions] Runtime ready! Sending request!
[debug] [2019-11-20T23:29:44.576Z] [runtime-status] Ephemeral server used! {}
[debug] [2019-11-20T23:29:44.584Z] [runtime-status] Ephemeral server survived. {}
[info] i  functions: Finished "App" in ~2s
[debug] [2019-11-20T23:29:46.756Z] [worker-App-60c02803-38ae-405d-8273-4be48ab6e84c]: IDLE
[debug] [2019-11-20T23:32:31.513Z] File /home/lisabi/Documents/Projects/firestore-api/functions/controllers/firestoreContollers.js changed, reloading triggers
[debug] [2019-11-20T23:32:32.514Z] [worker-pool]: Shutting down IDLE worker (App)
[debug] [2019-11-20T23:32:32.518Z] [worker-~diagnostic~-76e00c75-f02e-4ac3-9c4e-0ffdcb368b04]: Assigning socketPath: /tmp/firebase_emulator_invocation_76e00c75-f02e-4ac3-9c4e-0ffdcb368b04.sock
[debug] [2019-11-20T23:32:32.519Z] [worker-~diagnostic~-76e00c75-f02e-4ac3-9c4e-0ffdcb368b04]: BUSY
[debug] [2019-11-20T23:32:32.519Z] [worker-App-60c02803-38ae-405d-8273-4be48ab6e84c]: exited
[debug] [2019-11-20T23:32:32.519Z] [worker-App-60c02803-38ae-405d-8273-4be48ab6e84c]: FINISHED
[debug] [2019-11-20T23:32:32.975Z] [runtime-status] Functions runtime initialized. {"cwd":"/home/lisabi/Documents/Projects/firestore-api/functions","node_version":"10.15.3"}
[debug] [2019-11-20T23:32:32.978Z] [runtime-status] Disabled runtime features: {"functions_config_helper":true,"network_filtering":true,"timeout":true,"memory_limiting":true,"admin_stubs":true,"pubsub_emulator":true} {}
[debug] [2019-11-20T23:32:32.980Z] [runtime-status] Resolved module firebase-admin {"declared":true,"installed":true,"version":"8.8.0","resolution":"/home/lisabi/Documents/Projects/firestore-api/functions/node_modules/firebase-admin/lib/index.js"}
[debug] [2019-11-20T23:32:32.982Z] [runtime-status] Resolved module firebase-functions {"declared":true,"installed":true,"version":"3.3.0","resolution":"/home/lisabi/Documents/Projects/firestore-api/functions/node_modules/firebase-functions/lib/index.js"}
[debug] [2019-11-20T23:32:32.983Z] [runtime-status] Resolved module firebase-functions {"declared":true,"installed":true,"version":"3.3.0","resolution":"/home/lisabi/Documents/Projects/firestore-api/functions/node_modules/firebase-functions/lib/index.js"}
[debug] [2019-11-20T23:32:33.201Z] [worker-~diagnostic~-76e00c75-f02e-4ac3-9c4e-0ffdcb368b04]: exited
[debug] [2019-11-20T23:32:33.201Z] [worker-~diagnostic~-76e00c75-f02e-4ac3-9c4e-0ffdcb368b04]: FINISHED
[debug] [2019-11-20T23:42:18.138Z] File /home/lisabi/Documents/Projects/firestore-api/functions/controllers/firestoreContollers.js changed, reloading triggers
[debug] [2019-11-20T23:42:19.143Z] [worker-~diagnostic~-4a414c9b-12c5-4b4a-b9ce-a6a58cbe4721]: Assigning socketPath: /tmp/firebase_emulator_invocation_4a414c9b-12c5-4b4a-b9ce-a6a58cbe4721.sock
[debug] [2019-11-20T23:42:19.143Z] [worker-~diagnostic~-4a414c9b-12c5-4b4a-b9ce-a6a58cbe4721]: BUSY
[debug] [2019-11-20T23:42:19.584Z] [runtime-status] Functions runtime initialized. {"cwd":"/home/lisabi/Documents/Projects/firestore-api/functions","node_version":"10.15.3"}
[debug] [2019-11-20T23:42:19.587Z] [runtime-status] Disabled runtime features: {"functions_config_helper":true,"network_filtering":true,"timeout":true,"memory_limiting":true,"admin_stubs":true,"pubsub_emulator":true} {}
[debug] [2019-11-20T23:42:19.589Z] [runtime-status] Resolved module firebase-admin {"declared":true,"installed":true,"version":"8.8.0","resolution":"/home/lisabi/Documents/Projects/firestore-api/functions/node_modules/firebase-admin/lib/index.js"}
[debug] [2019-11-20T23:42:19.590Z] [runtime-status] Resolved module firebase-functions {"declared":true,"installed":true,"version":"3.3.0","resolution":"/home/lisabi/Documents/Projects/firestore-api/functions/node_modules/firebase-functions/lib/index.js"}
[debug] [2019-11-20T23:42:19.592Z] [runtime-status] Resolved module firebase-functions {"declared":true,"installed":true,"version":"3.3.0","resolution":"/home/lisabi/Documents/Projects/firestore-api/functions/node_modules/firebase-functions/lib/index.js"}
[debug] [2019-11-20T23:42:19.815Z] [worker-~diagnostic~-4a414c9b-12c5-4b4a-b9ce-a6a58cbe4721]: exited
[debug] [2019-11-20T23:42:19.815Z] [worker-~diagnostic~-4a414c9b-12c5-4b4a-b9ce-a6a58cbe4721]: FINISHED
[debug] [2019-11-20T23:43:07.528Z] File /home/lisabi/Documents/Projects/firestore-api/functions/controllers/firestoreContollers.js changed, reloading triggers
[debug] [2019-11-20T23:43:08.533Z] [worker-~diagnostic~-f573e19b-7de9-4654-becb-b5dcb271eb0f]: Assigning socketPath: /tmp/firebase_emulator_invocation_f573e19b-7de9-4654-becb-b5dcb271eb0f.sock
[debug] [2019-11-20T23:43:08.533Z] [worker-~diagnostic~-f573e19b-7de9-4654-becb-b5dcb271eb0f]: BUSY
[debug] [2019-11-20T23:43:08.976Z] [runtime-status] Functions runtime initialized. {"cwd":"/home/lisabi/Documents/Projects/firestore-api/functions","node_version":"10.15.3"}
[debug] [2019-11-20T23:43:08.978Z] [runtime-status] Disabled runtime features: {"functions_config_helper":true,"network_filtering":true,"timeout":true,"memory_limiting":true,"admin_stubs":true,"pubsub_emulator":true} {}
[debug] [2019-11-20T23:43:08.981Z] [runtime-status] Resolved module firebase-admin {"declared":true,"installed":true,"version":"8.8.0","resolution":"/home/lisabi/Documents/Projects/firestore-api/functions/node_modules/firebase-admin/lib/index.js"}
[debug] [2019-11-20T23:43:08.983Z] [runtime-status] Resolved module firebase-functions {"declared":true,"installed":true,"version":"3.3.0","resolution":"/home/lisabi/Documents/Projects/firestore-api/functions/node_modules/firebase-functions/lib/index.js"}
[debug] [2019-11-20T23:43:08.983Z] [runtime-status] Resolved module firebase-functions {"declared":true,"installed":true,"version":"3.3.0","resolution":"/home/lisabi/Documents/Projects/firestore-api/functions/node_modules/firebase-functions/lib/index.js"}
[debug] [2019-11-20T23:43:09.209Z] [worker-~diagnostic~-f573e19b-7de9-4654-becb-b5dcb271eb0f]: exited
[debug] [2019-11-20T23:43:09.209Z] [worker-~diagnostic~-f573e19b-7de9-4654-becb-b5dcb271eb0f]: FINISHED
[debug] [2019-11-20T23:43:17.641Z] File /home/lisabi/Documents/Projects/firestore-api/functions/controllers/firestoreContollers.js changed, reloading triggers
[debug] [2019-11-20T23:43:18.645Z] [worker-~diagnostic~-a3b612f6-eebf-4db9-859f-8f5b261b85f5]: Assigning socketPath: /tmp/firebase_emulator_invocation_a3b612f6-eebf-4db9-859f-8f5b261b85f5.sock
[debug] [2019-11-20T23:43:18.645Z] [worker-~diagnostic~-a3b612f6-eebf-4db9-859f-8f5b261b85f5]: BUSY
[debug] [2019-11-20T23:43:19.101Z] [runtime-status] Functions runtime initialized. {"cwd":"/home/lisabi/Documents/Projects/firestore-api/functions","node_version":"10.15.3"}
[debug] [2019-11-20T23:43:19.104Z] [runtime-status] Disabled runtime features: {"functions_config_helper":true,"network_filtering":true,"timeout":true,"memory_limiting":true,"admin_stubs":true,"pubsub_emulator":true} {}
[debug] [2019-11-20T23:43:19.107Z] [runtime-status] Resolved module firebase-admin {"declared":true,"installed":true,"version":"8.8.0","resolution":"/home/lisabi/Documents/Projects/firestore-api/functions/node_modules/firebase-admin/lib/index.js"}
[debug] [2019-11-20T23:43:19.108Z] [runtime-status] Resolved module firebase-functions {"declared":true,"installed":true,"version":"3.3.0","resolution":"/home/lisabi/Documents/Projects/firestore-api/functions/node_modules/firebase-functions/lib/index.js"}
[debug] [2019-11-20T23:43:19.109Z] [runtime-status] Resolved module firebase-functions {"declared":true,"installed":true,"version":"3.3.0","resolution":"/home/lisabi/Documents/Projects/firestore-api/functions/node_modules/firebase-functions/lib/index.js"}
[debug] [2019-11-20T23:43:19.344Z] [worker-~diagnostic~-a3b612f6-eebf-4db9-859f-8f5b261b85f5]: exited
[debug] [2019-11-20T23:43:19.344Z] [worker-~diagnostic~-a3b612f6-eebf-4db9-859f-8f5b261b85f5]: FINISHED
[debug] [2019-11-20T23:45:48.009Z] File /home/lisabi/Documents/Projects/firestore-api/functions/routes/api.js changed, reloading triggers
[debug] [2019-11-20T23:45:49.015Z] [worker-~diagnostic~-638343d0-d30c-4236-b1e0-334c4c977a73]: Assigning socketPath: /tmp/firebase_emulator_invocation_638343d0-d30c-4236-b1e0-334c4c977a73.sock
[debug] [2019-11-20T23:45:49.015Z] [worker-~diagnostic~-638343d0-d30c-4236-b1e0-334c4c977a73]: BUSY
[debug] [2019-11-20T23:45:49.476Z] [runtime-status] Functions runtime initialized. {"cwd":"/home/lisabi/Documents/Projects/firestore-api/functions","node_version":"10.15.3"}
[debug] [2019-11-20T23:45:49.479Z] [runtime-status] Disabled runtime features: {"functions_config_helper":true,"network_filtering":true,"timeout":true,"memory_limiting":true,"admin_stubs":true,"pubsub_emulator":true} {}
[debug] [2019-11-20T23:45:49.481Z] [runtime-status] Resolved module firebase-admin {"declared":true,"installed":true,"version":"8.8.0","resolution":"/home/lisabi/Documents/Projects/firestore-api/functions/node_modules/firebase-admin/lib/index.js"}
[debug] [2019-11-20T23:45:49.482Z] [runtime-status] Resolved module firebase-functions {"declared":true,"installed":true,"version":"3.3.0","resolution":"/home/lisabi/Documents/Projects/firestore-api/functions/node_modules/firebase-functions/lib/index.js"}
[debug] [2019-11-20T23:45:49.483Z] [runtime-status] Resolved module firebase-functions {"declared":true,"installed":true,"version":"3.3.0","resolution":"/home/lisabi/Documents/Projects/firestore-api/functions/node_modules/firebase-functions/lib/index.js"}
[debug] [2019-11-20T23:45:49.703Z] [worker-~diagnostic~-638343d0-d30c-4236-b1e0-334c4c977a73]: exited
[debug] [2019-11-20T23:45:49.703Z] [worker-~diagnostic~-638343d0-d30c-4236-b1e0-334c4c977a73]: FINISHED
[debug] [2019-11-20T23:46:02.588Z] Accepted request GET /node-firebase-7d509/us-central1/App/api/user --> App
[debug] [2019-11-20T23:46:02.594Z] [worker-App-7c1b9586-f5ee-4bf0-ba82-281e2f982177]: Assigning socketPath: /tmp/firebase_emulator_invocation_7c1b9586-f5ee-4bf0-ba82-281e2f982177.sock
[debug] [2019-11-20T23:46:02.594Z] [worker-App-7c1b9586-f5ee-4bf0-ba82-281e2f982177]: BUSY
[debug] [2019-11-20T23:46:03.036Z] [runtime-status] Functions runtime initialized. {"cwd":"/home/lisabi/Documents/Projects/firestore-api/functions","node_version":"10.15.3"}
[debug] [2019-11-20T23:46:03.039Z] [runtime-status] Disabled runtime features: {"functions_config_helper":true,"network_filtering":true,"timeout":true,"memory_limiting":true,"admin_stubs":true,"pubsub_emulator":true} {}
[debug] [2019-11-20T23:46:03.042Z] [runtime-status] Resolved module firebase-admin {"declared":true,"installed":true,"version":"8.8.0","resolution":"/home/lisabi/Documents/Projects/firestore-api/functions/node_modules/firebase-admin/lib/index.js"}
[debug] [2019-11-20T23:46:03.044Z] [runtime-status] Resolved module firebase-functions {"declared":true,"installed":true,"version":"3.3.0","resolution":"/home/lisabi/Documents/Projects/firestore-api/functions/node_modules/firebase-functions/lib/index.js"}
[debug] [2019-11-20T23:46:03.044Z] [runtime-status] Resolved module firebase-functions {"declared":true,"installed":true,"version":"3.3.0","resolution":"/home/lisabi/Documents/Projects/firestore-api/functions/node_modules/firebase-functions/lib/index.js"}
[debug] [2019-11-20T23:46:03.265Z] [runtime-status] Trigger "App" has been found, beginning invocation! {}
[info] i  functions: Beginning execution of "App"
[debug] [2019-11-20T23:46:03.265Z] [runtime-status]  {"httpsTrigger":{},"name":"App","entryPoint":"App"}
[debug] [2019-11-20T23:46:03.265Z] [runtime-status] Running App in mode HTTPS {}
[debug] [2019-11-20T23:46:03.273Z] [functions] Runtime ready! Sending request!
[debug] [2019-11-20T23:46:03.293Z] [runtime-status] Ephemeral server used! {}
[debug] [2019-11-20T23:46:03.620Z] [runtime-status] Ephemeral server survived. {}
[info] >  (node:22097) UnhandledPromiseRejectionWarning: ReferenceError: res is not defined
[info] >      at users.get.then.catch (/home/lisabi/Documents/Projects/firestore-api/functions/controllers/firestoreContollers.js:87:7)
[info] >      at process._tickCallback (internal/process/next_tick.js:68:7)
[info] >  (node:22097) UnhandledPromiseRejectionWarning: Unhandled promise rejection. This error originated either by throwing inside of an async function without a catch block, or by rejecting a promise which was not handled with .catch(). (rejection id: 1)
[info] >  (node:22097) [DEP0018] DeprecationWarning: Unhandled promise rejections are deprecated. In the future, promise rejections that are not handled will terminate the Node.js process with a non-zero exit code.
[debug] [2019-11-20T23:46:48.424Z] File /home/lisabi/Documents/Projects/firestore-api/functions/controllers/firestoreContollers.js changed, reloading triggers
[debug] [2019-11-20T23:46:49.424Z] [worker-pool]: Marking BUSY worker to finish (App)
[debug] [2019-11-20T23:46:49.424Z] [worker-App-7c1b9586-f5ee-4bf0-ba82-281e2f982177]: FINISHING
[debug] [2019-11-20T23:46:49.428Z] [worker-~diagnostic~-5ecd09b4-a912-496a-88da-b2cc8133b8bb]: Assigning socketPath: /tmp/firebase_emulator_invocation_5ecd09b4-a912-496a-88da-b2cc8133b8bb.sock
[debug] [2019-11-20T23:46:49.429Z] [worker-~diagnostic~-5ecd09b4-a912-496a-88da-b2cc8133b8bb]: BUSY
[debug] [2019-11-20T23:46:49.893Z] [runtime-status] Functions runtime initialized. {"cwd":"/home/lisabi/Documents/Projects/firestore-api/functions","node_version":"10.15.3"}
[debug] [2019-11-20T23:46:49.895Z] [runtime-status] Disabled runtime features: {"functions_config_helper":true,"network_filtering":true,"timeout":true,"memory_limiting":true,"admin_stubs":true,"pubsub_emulator":true} {}
[debug] [2019-11-20T23:46:49.898Z] [runtime-status] Resolved module firebase-admin {"declared":true,"installed":true,"version":"8.8.0","resolution":"/home/lisabi/Documents/Projects/firestore-api/functions/node_modules/firebase-admin/lib/index.js"}
[debug] [2019-11-20T23:46:49.899Z] [runtime-status] Resolved module firebase-functions {"declared":true,"installed":true,"version":"3.3.0","resolution":"/home/lisabi/Documents/Projects/firestore-api/functions/node_modules/firebase-functions/lib/index.js"}
[debug] [2019-11-20T23:46:49.900Z] [runtime-status] Resolved module firebase-functions {"declared":true,"installed":true,"version":"3.3.0","resolution":"/home/lisabi/Documents/Projects/firestore-api/functions/node_modules/firebase-functions/lib/index.js"}
[debug] [2019-11-20T23:46:50.153Z] [worker-~diagnostic~-5ecd09b4-a912-496a-88da-b2cc8133b8bb]: exited
[debug] [2019-11-20T23:46:50.153Z] [worker-~diagnostic~-5ecd09b4-a912-496a-88da-b2cc8133b8bb]: FINISHED
[debug] [2019-11-20T23:46:53.710Z] Accepted request GET /node-firebase-7d509/us-central1/App/api/user --> App
[debug] [2019-11-20T23:46:53.715Z] [worker-App-728789b1-b229-4baa-8336-f244110ac1da]: Assigning socketPath: /tmp/firebase_emulator_invocation_728789b1-b229-4baa-8336-f244110ac1da.sock
[debug] [2019-11-20T23:46:53.716Z] [worker-App-728789b1-b229-4baa-8336-f244110ac1da]: BUSY
[debug] [2019-11-20T23:46:54.171Z] [runtime-status] Functions runtime initialized. {"cwd":"/home/lisabi/Documents/Projects/firestore-api/functions","node_version":"10.15.3"}
[debug] [2019-11-20T23:46:54.174Z] [runtime-status] Disabled runtime features: {"functions_config_helper":true,"network_filtering":true,"timeout":true,"memory_limiting":true,"admin_stubs":true,"pubsub_emulator":true} {}
[debug] [2019-11-20T23:46:54.176Z] [runtime-status] Resolved module firebase-admin {"declared":true,"installed":true,"version":"8.8.0","resolution":"/home/lisabi/Documents/Projects/firestore-api/functions/node_modules/firebase-admin/lib/index.js"}
[debug] [2019-11-20T23:46:54.178Z] [runtime-status] Resolved module firebase-functions {"declared":true,"installed":true,"version":"3.3.0","resolution":"/home/lisabi/Documents/Projects/firestore-api/functions/node_modules/firebase-functions/lib/index.js"}
[debug] [2019-11-20T23:46:54.180Z] [runtime-status] Resolved module firebase-functions {"declared":true,"installed":true,"version":"3.3.0","resolution":"/home/lisabi/Documents/Projects/firestore-api/functions/node_modules/firebase-functions/lib/index.js"}
[debug] [2019-11-20T23:46:54.386Z] [runtime-status] Trigger "App" has been found, beginning invocation! {}
[info] i  functions: Beginning execution of "App"
[debug] [2019-11-20T23:46:54.386Z] [runtime-status]  {"httpsTrigger":{},"name":"App","entryPoint":"App"}
[debug] [2019-11-20T23:46:54.386Z] [runtime-status] Running App in mode HTTPS {}
[debug] [2019-11-20T23:46:54.397Z] [functions] Runtime ready! Sending request!
[debug] [2019-11-20T23:46:54.416Z] [runtime-status] Ephemeral server used! {}
[debug] [2019-11-20T23:46:54.747Z] [runtime-status] Ephemeral server survived. {}
[info] i  functions: Finished "App" in ~1s
[debug] [2019-11-20T23:46:56.308Z] [worker-App-728789b1-b229-4baa-8336-f244110ac1da]: IDLE
