Arguments: 
  /home/lisabi/.nvm/versions/node/v8.16.2/bin/node /usr/share/yarn/bin/yarn.js install

PATH: 
  /home/lisabi/.nvm/versions/node/v8.16.2/bin:/usr/local/sbin:/usr/local/bin:/usr/sbin:/usr/bin:/sbin:/bin:/usr/games:/usr/local/games:/snap/bin:/home/lisabi/.dotnet/tools

Yarn version: 
  1.17.3

Node version: 
  8.16.2

Platform: 
  linux x64

Trace: 
  Error: getaddrinfo EAI_AGAIN registry.yarnpkg.com:443
      at GetAddrInfoReqWrap.onlookup [as oncomplete] (dns.js:67:26)

npm manifest: 
  {
    "name": "functions",
    "description": "Cloud Functions for Firebase",
    "scripts": {
      "lint": "eslint .",
      "serve": "firebase serve --only functions",
      "shell": "firebase functions:shell",
      "start": "npm run shell",
      "deploy": "firebase deploy --only functions",
      "logs": "firebase functions:log"
    },
    "engines": {
      "node": "8"
    },
    "dependencies": {
      "firebase-admin": "^8.6.0",
      "firebase-functions": "^3.3.0"
    },
    "devDependencies": {
      "eslint": "^5.12.0",
      "eslint-plugin-promise": "^4.0.1",
      "firebase-functions-test": "^0.1.6"
    },
    "private": true
  }

yarn manifest: 
  No manifest

Lockfile: 
  No lockfile
